Unloading openmpi/4.1.5
Unloading slurm/23.02.7
Loading slurm/23.02.7
Loading openmpi/4.1.5
INFO:albumentations.check_version:A new version of Albumentations is available: 1.4.11 (you have 1.4.8). Upgrade using: pip install --upgrade albumentations
INFO: [rank: 0] Seed set to 42
INFO:lightning.fabric.utilities.seed:[rank: 0] Seed set to 42
INFO:torch.distributed.nn.jit.instantiator:Created a temporary directory at /tmp/tmp4_m7gin_
INFO:torch.distributed.nn.jit.instantiator:Writing /tmp/tmp4_m7gin_/_remote_module_non_scriptable.py
/home/eranario/miniconda3/envs/lightning/lib/python3.10/site-packages/lightning/fabric/plugins/environments/slurm.py:191: The `srun` command is available on your system but is not used. HINT: If your intention is to run Lightning on SLURM, prepend your python command with `srun` like so: srun python pascal_detector.py --root_dir /group/jmearlesgrp/dat ...
INFO: GPU available: True (cuda), used: True
INFO:lightning.pytorch.utilities.rank_zero:GPU available: True (cuda), used: True
INFO: TPU available: False, using: 0 TPU cores
INFO:lightning.pytorch.utilities.rank_zero:TPU available: False, using: 0 TPU cores
INFO: IPU available: False, using: 0 IPUs
INFO:lightning.pytorch.utilities.rank_zero:IPU available: False, using: 0 IPUs
INFO: HPU available: False, using: 0 HPUs
INFO:lightning.pytorch.utilities.rank_zero:HPU available: False, using: 0 HPUs
wandb: Currently logged in as: earlranario (paibl). Use `wandb login --relogin` to force relogin
slurmstepd: error: *** JOB 14572462 ON gpu-5-58 CANCELLED AT 2024-07-17T13:40:33 ***
