Unloading openmpi/4.1.5
Unloading slurm/23.02.7
Loading slurm/23.02.7
Loading openmpi/4.1.5
INFO:albumentations.check_version:A new version of Albumentations is available: 1.4.11 (you have 1.4.8). Upgrade using: pip install --upgrade albumentations
INFO: [rank: 0] Seed set to 42
INFO:lightning.fabric.utilities.seed:[rank: 0] Seed set to 42
INFO:torch.distributed.nn.jit.instantiator:Created a temporary directory at /tmp/tmpmampingq
INFO:torch.distributed.nn.jit.instantiator:Writing /tmp/tmpmampingq/_remote_module_non_scriptable.py
/home/eranario/miniconda3/envs/lightning/lib/python3.10/site-packages/lightning/fabric/plugins/environments/slurm.py:191: The `srun` command is available on your system but is not used. HINT: If your intention is to run Lightning on SLURM, prepend your python command with `srun` like so: srun python pascal_detector.py --root_dir /group/jmearlesgrp/dat ...
INFO: GPU available: True (cuda), used: True
INFO:lightning.pytorch.utilities.rank_zero:GPU available: True (cuda), used: True
INFO: TPU available: False, using: 0 TPU cores
INFO:lightning.pytorch.utilities.rank_zero:TPU available: False, using: 0 TPU cores
INFO: IPU available: False, using: 0 IPUs
INFO:lightning.pytorch.utilities.rank_zero:IPU available: False, using: 0 IPUs
INFO: HPU available: False, using: 0 HPUs
INFO:lightning.pytorch.utilities.rank_zero:HPU available: False, using: 0 HPUs
wandb: W&B API key is configured. Use `wandb login --relogin` to force relogin
wandb: wandb version 0.17.4 is available!  To upgrade, please run:
wandb:  $ pip install wandb --upgrade
wandb: Tracking run with wandb version 0.17.0
wandb: Run data is saved locally in /group/jmearlesgrp/intermediate_data/eranario/Active-Learning/PASCAL_logs/random/pascal_random_cold-start_0717/wandb/run-20240717_132114-n6m5xcxo
wandb: Run `wandb offline` to turn off syncing.
wandb: Syncing run pascal_random_cold-start_0717_chunk-1
wandb: ⭐️ View project at https://wandb.ai/paibl/active-learning
wandb: 🚀 View run at https://wandb.ai/paibl/active-learning/runs/n6m5xcxo
INFO: LOCAL_RANK: 0 - CUDA_VISIBLE_DEVICES: [0]
INFO:lightning.pytorch.accelerators.cuda:LOCAL_RANK: 0 - CUDA_VISIBLE_DEVICES: [0]
INFO: 
  | Name            | Type                 | Params
---------------------------------------------------------
0 | model           | CustomFasterRCNN     | 41.4 M
1 | fc6_dropout     | Dropout              | 0     
2 | fc7_dropout     | Dropout              | 0     
3 | val_map_metric  | MeanAveragePrecision | 0     
4 | test_map_metric | MeanAveragePrecision | 0     
---------------------------------------------------------
41.2 M    Trainable params
222 K     Non-trainable params
41.4 M    Total params
165.566   Total estimated model params size (MB)
INFO:lightning.pytorch.callbacks.model_summary:
  | Name            | Type                 | Params
---------------------------------------------------------
0 | model           | CustomFasterRCNN     | 41.4 M
1 | fc6_dropout     | Dropout              | 0     
2 | fc7_dropout     | Dropout              | 0     
3 | val_map_metric  | MeanAveragePrecision | 0     
4 | test_map_metric | MeanAveragePrecision | 0     
---------------------------------------------------------
41.2 M    Trainable params
222 K     Non-trainable params
41.4 M    Total params
165.566   Total estimated model params size (MB)
/home/eranario/miniconda3/envs/lightning/lib/python3.10/site-packages/lightning/pytorch/trainer/connectors/data_connector.py:441: The 'train_dataloader' does not have many workers which may be a bottleneck. Consider increasing the value of the `num_workers` argument` to `num_workers=7` in the `DataLoader` to improve performance.
/home/eranario/miniconda3/envs/lightning/lib/python3.10/site-packages/lightning/pytorch/loops/fit_loop.py:293: The number of training batches (48) is smaller than the logging interval Trainer(log_every_n_steps=50). Set a lower value for log_every_n_steps if you want to see logs for the training epoch.
/home/eranario/miniconda3/envs/lightning/lib/python3.10/site-packages/lightning/pytorch/utilities/data.py:77: Trying to infer the `batch_size` from an ambiguous collection. The batch size we found is 24. To avoid any miscalculations, use `self.log(..., batch_size=batch_size)`.
/home/eranario/miniconda3/envs/lightning/lib/python3.10/site-packages/lightning/pytorch/utilities/data.py:77: Trying to infer the `batch_size` from an ambiguous collection. The batch size we found is 15. To avoid any miscalculations, use `self.log(..., batch_size=batch_size)`.
slurmstepd: error: *** JOB 14572372 ON gpu-5-50 CANCELLED AT 2024-07-17T13:37:47 ***
